u3 backup sp1/build/app/outputs/logs/manifest-merger-release-report.txt
-- Merging decision tree log ---
application
INJECTED from src/main/AndroidManifest.xml:2:5-33:19
MERGED from [:image_picker_android] AndroidManifest.xml:10:5-34:19
MERGED from [:image_picker_android] AndroidManifest.xml:10:5-34:19
MERGED from [:share] AndroidManifest.xml:9:5-19:19
MERGED from [:share] AndroidManifest.xml:9:5-19:19
MERGED from [androidx.window:window:1.2.0] AndroidManifest.xml:22:5-29:19
MERGED from [androidx.window:window:1.2.0] AndroidManifest.xml:22:5-29:19
MERGED from [androidx.emoji2:emoji2:1.0.0] AndroidManifest.xml:25:5-35:19
MERGED from [androidx.emoji2:emoji2:1.0.0] AndroidManifest.xml:25:5-35:19
MERGED from [androidx.core:core:1.13.1] AndroidManifest.xml:28:5-89
MERGED from [androidx.core:core:1.13.1] AndroidManifest.xml:28:5-89
MERGED from [androidx.lifecycle:lifecycle-process:2.7.0] AndroidManifest.xml:23:5-33:19
MERGED from [androidx.lifecycle:lifecycle-process:2.7.0] AndroidManifest.xml:23:5-33:19
MERGED from [androidx.profileinstaller:profileinstaller:1.3.1] AndroidManifest.xml:23:5-53:19
MERGED from [androidx.profileinstaller:profileinstaller:1.3.1] AndroidManifest.xml:23:5-53:19
MERGED from [androidx.startup:startup-runtime:1.1.1] AndroidManifest.xml:25:5-31:19
MERGED from [androidx.startup:startup-runtime:1.1.1] AndroidManifest.xml:25:5-31:19
MERGED from [androidx.versionedparcelable:versionedparcelable:1.1.1] AndroidManifest.xml:24:5-25:19
MERGED from [androidx.versionedparcelable:versionedparcelable:1.1.1] AndroidManifest.xml:24:5-25:19
MERGED from [com.journeyapps:zxing-android-embedded:4.3.0] AndroidManifest.xml:46:5-54:19
MERGED from [com.journeyapps:zxing-android-embedded:4.3.0] AndroidManifest.xml:46:5-54:19
	android:appComponentFactory
		ADDED from [androidx.core:core:1.13.1] AndroidManifest.xml:28:18-86
	android:label
		ADDED from src/main/AndroidManifest.xml:3:9-34
	android:icon
		ADDED from src/main/AndroidManifest.xml:5:9-43
	android:name
		INJECTED from src/main/AndroidManifest.xml
		ADDED from src/main/AndroidManifest.xml:4:9-42
manifest
ADDED from src/main/AndroidManifest.xml:1:1-45:12
INJECTED from src/main/AndroidManifest.xml:1:1-45:12
INJECTED from src/main/AndroidManifest.xml:1:1-45:12
INJECTED from src/main/AndroidManifest.xml:1:1-45:12
MERGED from [:image_picker_android] AndroidManifest.xml:2:1-36:12
MERGED from [:flutter_plugin_android_lifecycle] AndroidManifest.xml:2:1-9:12
MERGED from [:qr_bar_code_scanner_dialog] AndroidManifest.xml:2:1-9:12
MERGED from [:qr_code_scanner] AndroidManifest.xml:2:1-11:12
MERGED from [:share] AndroidManifest.xml:2:1-21:12
MERGED from [:shared_preferences_android] AndroidManifest.xml:2:1-9:12
MERGED from [androidx.appcompat:appcompat:1.4.2] AndroidManifest.xml:17:1-24:12
MERGED from [androidx.fragment:fragment:1.7.1] AndroidManifest.xml:2:1-7:12
MERGED from [androidx.activity:activity:1.9.1] AndroidManifest.xml:17:1-22:12
MERGED from [androidx.window:window:1.2.0] AndroidManifest.xml:17:1-31:12
MERGED from [androidx.window:window-java:1.2.0] AndroidManifest.xml:17:1-21:12
MERGED from [androidx.appcompat:appcompat-resources:1.4.2] AndroidManifest.xml:17:1-24:12
MERGED from [androidx.drawerlayout:drawerlayout:1.0.0] AndroidManifest.xml:17:1-22:12
MERGED from [androidx.emoji2:emoji2-views-helper:1.0.0] AndroidManifest.xml:17:1-24:12
MERGED from [androidx.emoji2:emoji2:1.0.0] AndroidManifest.xml:17:1-37:12
MERGED from [androidx.loader:loader:1.0.0] AndroidManifest.xml:17:1-22:12
MERGED from [androidx.viewpager:viewpager:1.0.0] AndroidManifest.xml:17:1-22:12
MERGED from [androidx.lifecycle:lifecycle-livedata-core-ktx:2.7.0] AndroidManifest.xml:2:1-7:12
MERGED from [androidx.lifecycle:lifecycle-livedata:2.7.0] AndroidManifest.xml:17:1-22:12
MERGED from [androidx.lifecycle:lifecycle-livedata-core:2.7.0] AndroidManifest.xml:17:1-22:12
MERGED from [androidx.lifecycle:lifecycle-viewmodel:2.7.0] AndroidManifest.xml:17:1-22:12
MERGED from [androidx.lifecycle:lifecycle-viewmodel-savedstate:2.7.0] AndroidManifest.xml:17:1-22:12
MERGED from [androidx.core:core-ktx:1.13.1] AndroidManifest.xml:2:1-7:12
MERGED from [androidx.vectordrawable:vectordrawable-animated:1.1.0] AndroidManifest.xml:17:1-24:12
MERGED from [androidx.vectordrawable:vectordrawable:1.1.0] AndroidManifest.xml:17:1-24:12
MERGED from [androidx.customview:customview:1.0.0] AndroidManifest.xml:17:1-22:12
MERGED from [androidx.core:core:1.13.1] AndroidManifest.xml:17:1-30:12
MERGED from [androidx.lifecycle:lifecycle-runtime:2.7.0] AndroidManifest.xml:2:1-7:12
MERGED from [androidx.lifecycle:lifecycle-process:2.7.0] AndroidManifest.xml:17:1-35:12
MERGED from [androidx.savedstate:savedstate:1.2.1] AndroidManifest.xml:17:1-22:12
MERGED from [androidx.datastore:datastore-preferences:1.0.0] AndroidManifest.xml:17:1-24:12
MERGED from [androidx.datastore:datastore:1.0.0] AndroidManifest.xml:17:1-24:12
MERGED from [androidx.exifinterface:exifinterface:1.3.7] AndroidManifest.xml:17:1-24:12
MERGED from [androidx.profileinstaller:profileinstaller:1.3.1] AndroidManifest.xml:17:1-55:12
MERGED from [androidx.startup:startup-runtime:1.1.1] AndroidManifest.xml:17:1-33:12
MERGED from [androidx.tracing:tracing:1.2.0] AndroidManifest.xml:17:1-22:12
MERGED from [androidx.interpolator:interpolator:1.0.0] AndroidManifest.xml:17:1-22:12
MERGED from [androidx.versionedparcelable:versionedparcelable:1.1.1] AndroidManifest.xml:17:1-27:12
MERGED from [androidx.cursoradapter:cursoradapter:1.0.0] AndroidManifest.xml:17:1-22:12
MERGED from [androidx.arch.core:core-runtime:2.2.0] AndroidManifest.xml:17:1-22:12
MERGED from [androidx.window.extensions.core:core:1.0.0] AndroidManifest.xml:2:1-7:12
MERGED from [com.journeyapps:zxing-android-embedded:4.3.0] AndroidManifest.xml:17:1-56:12
MERGED from [androidx.annotation:annotation-experimental:1.4.0] AndroidManifest.xml:2:1-7:12
INJECTED from src/main/AndroidManifest.xml:1:1-45:12
INJECTED from src/main/AndroidManifest.xml:1:1-45:12
INJECTED from src/main/AndroidManifest.xml:1:1-45:12
	package
		INJECTED from src/main/AndroidManifest.xml
		ADDED from src/main/AndroidManifest.xml:1:1-45:12
		INJECTED from src/main/AndroidManifest.xml
	android:versionName
		INJECTED from src/main/AndroidManifest.xml
		ADDED from src/main/AndroidManifest.xml:1:1-45:12
		INJECTED from src/main/AndroidManifest.xml
	android:versionCode
		INJECTED from src/main/AndroidManifest.xml
		ADDED from src/main/AndroidManifest.xml:1:1-45:12
		INJECTED from src/main/AndroidManifest.xml
	xmlns:android
		ADDED from src/main/AndroidManifest.xml:1:11-69
queries
ADDED from src/main/AndroidManifest.xml:39:5-44:15
intent#action:name:android.intent.action.PROCESS_TEXT+data:mimeType:text/plain
ADDED from src/main/AndroidManifest.xml:40:9-43:18
action#android.intent.action.PROCESS_TEXT
ADDED from src/main/AndroidManifest.xml:41:13-72
	android:name
		ADDED from src/main/AndroidManifest.xml:41:21-70
data
ADDED from src/main/AndroidManifest.xml:42:13-50
	android:mimeType
		ADDED from src/main/AndroidManifest.xml:42:19-48
uses-sdk
INJECTED from src/main/AndroidManifest.xml reason: use-sdk injection requested
INJECTED from src/main/AndroidManifest.xml
INJECTED from src/main/AndroidManifest.xml
MERGED from [:image_picker_android] AndroidManifest.xml:6:5-8:41
MERGED from [:image_picker_android] AndroidManifest.xml:6:5-8:41
MERGED from [:flutter_plugin_android_lifecycle] AndroidManifest.xml:5:5-7:41
MERGED from [:flutter_plugin_android_lifecycle] AndroidManifest.xml:5:5-7:41
MERGED from [:qr_bar_code_scanner_dialog] AndroidManifest.xml:5:5-7:41
MERGED from [:qr_bar_code_scanner_dialog] AndroidManifest.xml:5:5-7:41
MERGED from [:qr_code_scanner] AndroidManifest.xml:6:5-9:67
MERGED from [:qr_code_scanner] AndroidManifest.xml:6:5-9:67
MERGED from [:share] AndroidManifest.xml:5:5-7:41
MERGED from [:share] AndroidManifest.xml:5:5-7:41
MERGED from [:shared_preferences_android] AndroidManifest.xml:5:5-7:41
MERGED from [:shared_preferences_android] AndroidManifest.xml:5:5-7:41
MERGED from [androidx.appcompat:appcompat:1.4.2] AndroidManifest.xml:20:5-22:41
MERGED from [androidx.appcompat:appcompat:1.4.2] AndroidManifest.xml:20:5-22:41
MERGED from [androidx.fragment:fragment:1.7.1] AndroidManifest.xml:5:5-44
MERGED from [androidx.fragment:fragment:1.7.1] AndroidManifest.xml:5:5-44
MERGED from [androidx.activity:activity:1.9.1] AndroidManifest.xml:20:5-44
MERGED from [androidx.activity:activity:1.9.1] AndroidManifest.xml:20:5-44
MERGED from [androidx.window:window:1.2.0] AndroidManifest.xml:20:5-44
MERGED from [androidx.window:window:1.2.0] AndroidManifest.xml:20:5-44
MERGED from [androidx.window:window-java:1.2.0] AndroidManifest.xml:19:5-44
MERGED from [androidx.window:window-java:1.2.0] AndroidManifest.xml:19:5-44
MERGED from [androidx.appcompat:appcompat-resources:1.4.2] AndroidManifest.xml:20:5-22:41
MERGED from [androidx.appcompat:appcompat-resources:1.4.2] AndroidManifest.xml:20:5-22:41
MERGED from [androidx.drawerlayout:drawerlayout:1.0.0] AndroidManifest.xml:20:5-44
MERGED from [androidx.drawerlayout:drawerlayout:1.0.0] AndroidManifest.xml:20:5-44
MERGED from [androidx.emoji2:emoji2-views-helper:1.0.0] AndroidManifest.xml:20:5-22:41
MERGED from [androidx.emoji2:emoji2-views-helper:1.0.0] AndroidManifest.xml:20:5-22:41
MERGED from [androidx.emoji2:emoji2:1.0.0] AndroidManifest.xml:21:5-23:41
MERGED from [androidx.emoji2:emoji2:1.0.0] AndroidManifest.xml:21:5-23:41
MERGED from [androidx.loader:loader:1.0.0] AndroidManifest.xml:20:5-44
MERGED from [androidx.loader:loader:1.0.0] AndroidManifest.xml:20:5-44
MERGED from [androidx.viewpager:viewpager:1.0.0] AndroidManifest.xml:20:5-44
MERGED from [androidx.viewpager:viewpager:1.0.0] AndroidManifest.xml:20:5-44
MERGED from [androidx.lifecycle:lifecycle-livedata-core-ktx:2.7.0] AndroidManifest.xml:5:5-44
MERGED from [androidx.lifecycle:lifecycle-livedata-core-ktx:2.7.0] AndroidManifest.xml:5:5-44
MERGED from [androidx.lifecycle:lifecycle-livedata:2.7.0] AndroidManifest.xml:20:5-44
MERGED from [androidx.lifecycle:lifecycle-livedata:2.7.0] AndroidManifest.xml:20:5-44
MERGED from [androidx.lifecycle:lifecycle-livedata-core:2.7.0] AndroidManifest.xml:20:5-44
MERGED from [androidx.lifecycle:lifecycle-livedata-core:2.7.0] AndroidManifest.xml:20:5-44
MERGED from [androidx.lifecycle:lifecycle-viewmodel:2.7.0] AndroidManifest.xml:20:5-44
MERGED from [androidx.lifecycle:lifecycle-viewmodel:2.7.0] AndroidManifest.xml:20:5-44
MERGED from [androidx.lifecycle:lifecycle-viewmodel-savedstate:2.7.0] AndroidManifest.xml:20:5-44
MERGED from [androidx.lifecycle:lifecycle-viewmodel-savedstate:2.7.0] AndroidManifest.xml:20:5-44
MERGED from [androidx.core:core-ktx:1.13.1] AndroidManifest.xml:5:5-44
MERGED from [androidx.core:core-ktx:1.13.1] AndroidManifest.xml:5:5-44
MERGED from [androidx.vectordrawable:vectordrawable-animated:1.1.0] AndroidManifest.xml:20:5-22:41
MERGED from [androidx.vectordrawable:vectordrawable-animated:1.1.0] AndroidManifest.xml:20:5-22:41
MERGED from [androidx.vectordrawable:vectordrawable:1.1.0] AndroidManifest.xml:20:5-22:41
MERGED from [androidx.vectordrawable:vectordrawable:1.1.0] AndroidManifest.xml:20:5-22:41
MERGED from [androidx.customview:customview:1.0.0] AndroidManifest.xml:20:5-44
MERGED from [androidx.customview:customview:1.0.0] AndroidManifest.xml:20:5-44
MERGED from [androidx.core:core:1.13.1] AndroidManifest.xml:20:5-44
MERGED from [androidx.core:core:1.13.1] AndroidManifest.xml:20:5-44
MERGED from [androidx.lifecycle:lifecycle-runtime:2.7.0] AndroidManifest.xml:5:5-44
MERGED from [androidx.lifecycle:lifecycle-runtime:2.7.0] AndroidManifest.xml:5:5-44
MERGED from [androidx.lifecycle:lifecycle-process:2.7.0] AndroidManifest.xml:21:5-44
MERGED from [androidx.lifecycle:lifecycle-process:2.7.0] AndroidManifest.xml:21:5-44
MERGED from [androidx.savedstate:savedstate:1.2.1] AndroidManifest.xml:20:5-44
MERGED from [androidx.savedstate:savedstate:1.2.1] AndroidManifest.xml:20:5-44
MERGED from [androidx.datastore:datastore-preferences:1.0.0] AndroidManifest.xml:20:5-22:41
MERGED from [androidx.datastore:datastore-preferences:1.0.0] AndroidManifest.xml:20:5-22:41
MERGED from [androidx.datastore:datastore:1.0.0] AndroidManifest.xml:20:5-22:41
MERGED from [androidx.datastore:datastore:1.0.0] AndroidManifest.xml:20:5-22:41
MERGED from [androidx.exifinterface:exifinterface:1.3.7] AndroidManifest.xml:20:5-22:41
MERGED from [androidx.exifinterface:exifinterface:1.3.7] AndroidManifest.xml:20:5-22:41
MERGED from [androidx.profileinstaller:profileinstaller:1.3.1] AndroidManifest.xml:21:5-44
MERGED from [androidx.profileinstaller:profileinstaller:1.3.1] AndroidManifest.xml:21:5-44
MERGED from [androidx.startup:startup-runtime:1.1.1] AndroidManifest.xml:21:5-23:41
MERGED from [androidx.startup:startup-runtime:1.1.1] AndroidManifest.xml:21:5-23:41
MERGED from [androidx.tracing:tracing:1.2.0] AndroidManifest.xml:20:5-44
MERGED from [androidx.tracing:tracing:1.2.0] AndroidManifest.xml:20:5-44
MERGED from [androidx.interpolator:interpolator:1.0.0] AndroidManifest.xml:20:5-44
MERGED from [androidx.interpolator:interpolator:1.0.0] AndroidManifest.xml:20:5-44
MERGED from [androidx.versionedparcelable:versionedparcelable:1.1.1] AndroidManifest.xml:20:5-22:41
MERGED from [androidx.versionedparcelable:versionedparcelable:1.1.1] AndroidManifest.xml:20:5-22:41
MERGED from [androidx.cursoradapter:cursoradapter:1.0.0] AndroidManifest.xml:20:5-44
MERGED from [androidx.cursoradapter:cursoradapter:1.0.0] AndroidManifest.xml:20:5-44
MERGED from [androidx.arch.core:core-runtime:2.2.0] AndroidManifest.xml:20:5-44
MERGED from [androidx.arch.core:core-runtime:2.2.0] AndroidManifest.xml:20:5-44
MERGED from [androidx.window.extensions.core:core:1.0.0] AndroidManifest.xml:5:5-44
MERGED from [androidx.window.extensions.core:core:1.0.0] AndroidManifest.xml:5:5-44
MERGED from [com.journeyapps:zxing-android-embedded:4.3.0] AndroidManifest.xml:20:5-44
MERGED from [com.journeyapps:zxing-android-embedded:4.3.0] AndroidManifest.xml:20:5-44
MERGED from [androidx.annotation:annotation-experimental:1.4.0] AndroidManifest.xml:5:5-44
MERGED from [androidx.annotation:annotation-experimental:1.4.0] AndroidManifest.xml:5:5-44
INJECTED from src/main/AndroidManifest.xml
INJECTED from src/main/AndroidManifest.xml
	tools:overrideLibrary
		ADDED from [:qr_code_scanner] AndroidManifest.xml:9:9-64
	android:targetSdkVersion
		INJECTED from src/main/AndroidManifest.xml
		ADDED from src/main/AndroidManifest.xml
		INJECTED from src/main/AndroidManifest.xml
	android:minSdkVersion
		INJECTED from src/main/AndroidManifest.xml
		ADDED from src/main/AndroidManifest.xml
		INJECTED from src/main/AndroidManifest.xml
activity#com.example.untitled3.MainActivity
ADDED from src/main/AndroidManifest.xml:6:9-27:20
	android:launchMode
		ADDED from src/main/AndroidManifest.xml:9:13-43
	android:hardwareAccelerated
		ADDED from src/main/AndroidManifest.xml:13:13-47
	android:windowSoftInputMode
		ADDED from src/main/AndroidManifest.xml:14:13-55
	android:exported
		ADDED from src/main/AndroidManifest.xml:8:13-36
	android:configChanges
		ADDED from src/main/AndroidManifest.xml:12:13-163
	android:theme
		ADDED from src/main/AndroidManifest.xml:11:13-47
	android:taskAffinity
		ADDED from src/main/AndroidManifest.xml:10:13-36
	android:name
		ADDED from src/main/AndroidManifest.xml:7:13-41
meta-data#io.flutter.embedding.android.NormalTheme
ADDED from src/main/AndroidManifest.xml:19:13-22:17
	android:resource
		ADDED from src/main/AndroidManifest.xml:21:15-52
	android:name
		ADDED from src/main/AndroidManifest.xml:20:15-70
intent-filter#action:name:android.intent.action.MAIN+category:name:android.intent.category.LAUNCHER
ADDED from src/main/AndroidManifest.xml:23:13-26:29
action#android.intent.action.MAIN
ADDED from src/main/AndroidManifest.xml:24:17-68
	android:name
		ADDED from src/main/AndroidManifest.xml:24:25-66
category#android.intent.category.LAUNCHER
ADDED from src/main/AndroidManifest.xml:25:17-76
	android:name
		ADDED from src/main/AndroidManifest.xml:25:27-74
meta-data#flutterEmbedding
ADDED from src/main/AndroidManifest.xml:30:9-32:33
	android:value
		ADDED from src/main/AndroidManifest.xml:32:13-30
	android:name
		ADDED from src/main/AndroidManifest.xml:31:13-44
provider#io.flutter.plugins.imagepicker.ImagePickerFileProvider
ADDED from [:image_picker_android] AndroidManifest.xml:11:9-19:20
	android:grantUriPermissions
		ADDED from [:image_picker_android] AndroidManifest.xml:15:13-47
	android:authorities
		ADDED from [:image_picker_android] AndroidManifest.xml:13:13-74
	android:exported
		ADDED from [:image_picker_android] AndroidManifest.xml:14:13-37
	android:name
		ADDED from [:image_picker_android] AndroidManifest.xml:12:13-82
meta-data#android.support.FILE_PROVIDER_PATHS
ADDED from [:image_picker_android] AndroidManifest.xml:16:13-18:75
	android:resource
		ADDED from [:image_picker_android] AndroidManifest.xml:18:17-72
	android:name
		ADDED from [:image_picker_android] AndroidManifest.xml:17:17-67
service#com.google.android.gms.metadata.ModuleDependencies
ADDED from [:image_picker_android] AndroidManifest.xml:21:9-33:19
	android:enabled
		ADDED from [:image_picker_android] AndroidManifest.xml:23:13-36
	android:exported
		ADDED from [:image_picker_android] AndroidManifest.xml:24:13-37
	tools:ignore
		ADDED from [:image_picker_android] AndroidManifest.xml:25:13-40
	android:name
		ADDED from [:image_picker_android] AndroidManifest.xml:22:13-78
intent-filter#action:name:com.google.android.gms.metadata.MODULE_DEPENDENCIES
ADDED from [:image_picker_android] AndroidManifest.xml:26:13-28:29
action#com.google.android.gms.metadata.MODULE_DEPENDENCIES
ADDED from [:image_picker_android] AndroidManifest.xml:27:17-94
	android:name
		ADDED from [:image_picker_android] AndroidManifest.xml:27:25-91
meta-data#photopicker_activity:0:required
ADDED from [:image_picker_android] AndroidManifest.xml:30:13-32:36
	android:value
		ADDED from [:image_picker_android] AndroidManifest.xml:32:17-33
	android:name
		ADDED from [:image_picker_android] AndroidManifest.xml:31:17-63
provider#io.flutter.plugins.share.ShareFileProvider
ADDED from [:share] AndroidManifest.xml:10:9-18:20
	android:grantUriPermissions
		ADDED from [:share] AndroidManifest.xml:14:13-47
	android:authorities
		ADDED from [:share] AndroidManifest.xml:12:13-74
	android:exported
		ADDED from [:share] AndroidManifest.xml:13:13-37
	android:name
		ADDED from [:share] AndroidManifest.xml:11:13-70
uses-library#androidx.window.extensions
ADDED from [androidx.window:window:1.2.0] AndroidManifest.xml:23:9-25:40
	android:required
		ADDED from [androidx.window:window:1.2.0] AndroidManifest.xml:25:13-37
	android:name
		ADDED from [androidx.window:window:1.2.0] AndroidManifest.xml:24:13-54
uses-library#androidx.window.sidecar
ADDED from [androidx.window:window:1.2.0] AndroidManifest.xml:26:9-28:40
	android:required
		ADDED from [androidx.window:window:1.2.0] AndroidManifest.xml:28:13-37
	android:name
		ADDED from [androidx.window:window:1.2.0] AndroidManifest.xml:27:13-51
provider#androidx.startup.InitializationProvider
ADDED from [androidx.emoji2:emoji2:1.0.0] AndroidManifest.xml:26:9-34:20
MERGED from [androidx.lifecycle:lifecycle-process:2.7.0] AndroidManifest.xml:24:9-32:20
MERGED from [androidx.lifecycle:lifecycle-process:2.7.0] AndroidManifest.xml:24:9-32:20
MERGED from [androidx.profileinstaller:profileinstaller:1.3.1] AndroidManifest.xml:24:9-32:20
MERGED from [androidx.profileinstaller:profileinstaller:1.3.1] AndroidManifest.xml:24:9-32:20
MERGED from [androidx.startup:startup-runtime:1.1.1] AndroidManifest.xml:26:9-30:34
MERGED from [androidx.startup:startup-runtime:1.1.1] AndroidManifest.xml:26:9-30:34
	tools:node
		ADDED from [androidx.emoji2:emoji2:1.0.0] AndroidManifest.xml:30:13-31
	android:authorities
		ADDED from [androidx.emoji2:emoji2:1.0.0] AndroidManifest.xml:28:13-68
	android:exported
		ADDED from [androidx.emoji2:emoji2:1.0.0] AndroidManifest.xml:29:13-37
	android:name
		ADDED from [androidx.emoji2:emoji2:1.0.0] AndroidManifest.xml:27:13-67
meta-data#androidx.emoji2.text.EmojiCompatInitializer
ADDED from [androidx.emoji2:emoji2:1.0.0] AndroidManifest.xml:31:13-33:52
	android:value
		ADDED from [androidx.emoji2:emoji2:1.0.0] AndroidManifest.xml:33:17-49
	android:name
		ADDED from [androidx.emoji2:emoji2:1.0.0] AndroidManifest.xml:32:17-75
permission#${applicationId}.DYNAMIC_RECEIVER_NOT_EXPORTED_PERMISSION
ADDED from [androidx.core:core:1.13.1] AndroidManifest.xml:22:5-24:47
	android:protectionLevel
		ADDED from [androidx.core:core:1.13.1] AndroidManifest.xml:24:9-44
	android:name
		ADDED from [androidx.core:core:1.13.1] AndroidManifest.xml:23:9-81
permission#com.example.untitled3.DYNAMIC_RECEIVER_NOT_EXPORTED_PERMISSION
ADDED from [androidx.core:core:1.13.1] AndroidManifest.xml:22:5-24:47
	android:protectionLevel
		ADDED from [androidx.core:core:1.13.1] AndroidManifest.xml:24:9-44
	android:name
		ADDED from [androidx.core:core:1.13.1] AndroidManifest.xml:23:9-81
uses-permission#${applicationId}.DYNAMIC_RECEIVER_NOT_EXPORTED_PERMISSION
ADDED from [androidx.core:core:1.13.1] AndroidManifest.xml:26:5-97
	android:name
		ADDED from [androidx.core:core:1.13.1] AndroidManifest.xml:26:22-94
uses-permission#com.example.untitled3.DYNAMIC_RECEIVER_NOT_EXPORTED_PERMISSION
ADDED from [androidx.core:core:1.13.1] AndroidManifest.xml:26:5-97
	android:name
		ADDED from [androidx.core:core:1.13.1] AndroidManifest.xml:26:22-94
meta-data#androidx.lifecycle.ProcessLifecycleInitializer
ADDED from [androidx.lifecycle:lifecycle-process:2.7.0] AndroidManifest.xml:29:13-31:52
	android:value
		ADDED from [androidx.lifecycle:lifecycle-process:2.7.0] AndroidManifest.xml:31:17-49
	android:name
		ADDED from [androidx.lifecycle:lifecycle-process:2.7.0] AndroidManifest.xml:30:17-78
meta-data#androidx.profileinstaller.ProfileInstallerInitializer
ADDED from [androidx.profileinstaller:profileinstaller:1.3.1] AndroidManifest.xml:29:13-31:52
	android:value
		ADDED from [androidx.profileinstaller:profileinstaller:1.3.1] AndroidManifest.xml:31:17-49
	android:name
		ADDED from [androidx.profileinstaller:profileinstaller:1.3.1] AndroidManifest.xml:30:17-85
receiver#androidx.profileinstaller.ProfileInstallReceiver
ADDED from [androidx.profileinstaller:profileinstaller:1.3.1] AndroidManifest.xml:34:9-52:20
	android:enabled
		ADDED from [androidx.profileinstaller:profileinstaller:1.3.1] AndroidManifest.xml:37:13-35
	android:exported
		ADDED from [androidx.profileinstaller:profileinstaller:1.3.1] AndroidManifest.xml:38:13-36
	android:permission
		ADDED from [androidx.profileinstaller:profileinstaller:1.3.1] AndroidManifest.xml:39:13-57
	android:directBootAware
		ADDED from [androidx.profileinstaller:profileinstaller:1.3.1] AndroidManifest.xml:36:13-44
	android:name
		ADDED from [androidx.profileinstaller:profileinstaller:1.3.1] AndroidManifest.xml:35:13-76
intent-filter#action:name:androidx.profileinstaller.action.INSTALL_PROFILE
ADDED from [androidx.profileinstaller:profileinstaller:1.3.1] AndroidManifest.xml:40:13-42:29
action#androidx.profileinstaller.action.INSTALL_PROFILE
ADDED from [androidx.profileinstaller:profileinstaller:1.3.1] AndroidManifest.xml:41:17-91
	android:name
		ADDED from [androidx.profileinstaller:profileinstaller:1.3.1] AndroidManifest.xml:41:25-88
intent-filter#action:name:androidx.profileinstaller.action.SKIP_FILE
ADDED from [androidx.profileinstaller:profileinstaller:1.3.1] AndroidManifest.xml:43:13-45:29
action#androidx.profileinstaller.action.SKIP_FILE
ADDED from [androidx.profileinstaller:profileinstaller:1.3.1] AndroidManifest.xml:44:17-85
	android:name
		ADDED from [androidx.profileinstaller:profileinstaller:1.3.1] AndroidManifest.xml:44:25-82
intent-filter#action:name:androidx.profileinstaller.action.SAVE_PROFILE
ADDED from [androidx.profileinstaller:profileinstaller:1.3.1] AndroidManifest.xml:46:13-48:29
action#androidx.profileinstaller.action.SAVE_PROFILE
ADDED from [androidx.profileinstaller:profileinstaller:1.3.1] AndroidManifest.xml:47:17-88
	android:name
		ADDED from [androidx.profileinstaller:profileinstaller:1.3.1] AndroidManifest.xml:47:25-85
intent-filter#action:name:androidx.profileinstaller.action.BENCHMARK_OPERATION
ADDED from [androidx.profileinstaller:profileinstaller:1.3.1] AndroidManifest.xml:49:13-51:29
action#androidx.profileinstaller.action.BENCHMARK_OPERATION
ADDED from [androidx.profileinstaller:profileinstaller:1.3.1] AndroidManifest.xml:50:17-95
	android:name
		ADDED from [androidx.profileinstaller:profileinstaller:1.3.1] AndroidManifest.xml:50:25-92
uses-permission#android.permission.CAMERA
ADDED from [com.journeyapps:zxing-android-embedded:4.3.0] AndroidManifest.xml:22:5-65
	android:name
		ADDED from [com.journeyapps:zxing-android-embedded:4.3.0] AndroidManifest.xml:22:22-62
uses-feature#android.hardware.camera
ADDED from [com.journeyapps:zxing-android-embedded:4.3.0] AndroidManifest.xml:25:5-27:36
	android:required
		ADDED from [com.journeyapps:zxing-android-embedded:4.3.0] AndroidManifest.xml:27:9-33
	android:name
		ADDED from [com.journeyapps:zxing-android-embedded:4.3.0] AndroidManifest.xml:26:9-47
uses-feature#android.hardware.camera.front
ADDED from [com.journeyapps:zxing-android-embedded:4.3.0] AndroidManifest.xml:28:5-30:36
	android:required
		ADDED from [com.journeyapps:zxing-android-embedded:4.3.0] AndroidManifest.xml:30:9-33
	android:name
		ADDED from [com.journeyapps:zxing-android-embedded:4.3.0] AndroidManifest.xml:29:9-53
uses-feature#android.hardware.camera.autofocus
ADDED from [com.journeyapps:zxing-android-embedded:4.3.0] AndroidManifest.xml:33:5-35:36
	android:required
		ADDED from [com.journeyapps:zxing-android-embedded:4.3.0] AndroidManifest.xml:35:9-33
	android:name
		ADDED from [com.journeyapps:zxing-android-embedded:4.3.0] AndroidManifest.xml:34:9-57
uses-feature#android.hardware.camera.flash
ADDED from [com.journeyapps:zxing-android-embedded:4.3.0] AndroidManifest.xml:36:5-38:36
	android:required
		ADDED from [com.journeyapps:zxing-android-embedded:4.3.0] AndroidManifest.xml:38:9-33
	android:name
		ADDED from [com.journeyapps:zxing-android-embedded:4.3.0] AndroidManifest.xml:37:9-53
uses-feature#android.hardware.screen.landscape
ADDED from [com.journeyapps:zxing-android-embedded:4.3.0] AndroidManifest.xml:39:5-41:36
	android:required
		ADDED from [com.journeyapps:zxing-android-embedded:4.3.0] AndroidManifest.xml:41:9-33
	android:name
		ADDED from [com.journeyapps:zxing-android-embedded:4.3.0] AndroidManifest.xml:40:9-57
uses-feature#android.hardware.wifi
ADDED from [com.journeyapps:zxing-android-embedded:4.3.0] AndroidManifest.xml:42:5-44:36
	android:required
		ADDED from [com.journeyapps:zxing-android-embedded:4.3.0] AndroidManifest.xml:44:9-33
	android:name
		ADDED from [com.journeyapps:zxing-android-embedded:4.3.0] AndroidManifest.xml:43:9-45
activity#com.journeyapps.barcodescanner.CaptureActivity
ADDED from [com.journeyapps:zxing-android-embedded:4.3.0] AndroidManifest.xml:47:9-53:63
	android:screenOrientation
		ADDED from [com.journeyapps:zxing-android-embedded:4.3.0] AndroidManifest.xml:50:13-56
	android:clearTaskOnLaunch
		ADDED from [com.journeyapps:zxing-android-embedded:4.3.0] AndroidManifest.xml:49:13-45
	android:stateNotNeeded
		ADDED from [com.journeyapps:zxing-android-embedded:4.3.0] AndroidManifest.xml:51:13-42
	android:windowSoftInputMode
		ADDED from [com.journeyapps:zxing-android-embedded:4.3.0] AndroidManifest.xml:53:13-60
	android:theme
		ADDED from [com.journeyapps:zxing-android-embedded:4.3.0] AndroidManifest.xml:52:13-54
	android:name
		ADDED from [com.journeyapps:zxing-android-embedded:4.3.0] AndroidManifest.xml:48:13-74